<?xml version="1.0" encoding="UTF-8"?>
<testng-results ignored="0" total="2" passed="2" failed="0" skipped="0">
  <reporter-output>
  </reporter-output>
  <suite started-at="2022-03-09T04:59:10Z" name="Default suite" finished-at="2022-03-09T04:59:14Z" duration-ms="3140">
    <groups>
    </groups>
    <test started-at="2022-03-09T04:59:10Z" name="Default test" finished-at="2022-03-09T04:59:14Z" duration-ms="3140">
      <class name="LMS_API_RestApi.RestApi_POST">
        <test-method signature="postPrograms(java.lang.String, java.lang.String)[pri:0, instance:LMS_API_RestApi.RestApi_POST@5ddeb7cb]" started-at="2022-03-09T04:59:11Z" name="postPrograms" data-provider="postdata" finished-at="2022-03-09T04:59:13Z" duration-ms="2177" status="PASS">
          <params>
            <param index="0">
              <value>
                <![CDATA[1]]>
              </value>
            </param>
            <param index="1">
              <value>
                <![CDATA[{  "programName": "DS",
        "programDescription": "data science",
        "online": true
    }]]>
              </value>
            </param>
          </params>
          <reporter-output>
          </reporter-output>
        </test-method> <!-- postPrograms -->
        <test-method signature="postProgramsnodata(java.lang.String, java.lang.String)[pri:0, instance:LMS_API_RestApi.RestApi_POST@5ddeb7cb]" started-at="2022-03-09T04:59:13Z" name="postProgramsnodata" data-provider="postdata" finished-at="2022-03-09T04:59:14Z" duration-ms="402" status="PASS">
          <params>
            <param index="0">
              <value>
                <![CDATA[1]]>
              </value>
            </param>
            <param index="1">
              <value>
                <![CDATA[{  "programName": "DS",
        "programDescription": "data science",
        "online": true
    }]]>
              </value>
            </param>
          </params>
          <reporter-output>
          </reporter-output>
        </test-method> <!-- postProgramsnodata -->
      </class> <!-- LMS_API_RestApi.RestApi_POST -->
    </test> <!-- Default test -->
  </suite> <!-- Default suite -->
</testng-results>
